c:\users\user\documents\visual studio 2013\projects\fatal disconnection\fatal disconnection\release\qrc_fataldisconnection.obj
c:\users\user\documents\visual studio 2013\projects\fatal disconnection\fatal disconnection\release\main.obj
c:\users\user\documents\visual studio 2013\projects\fatal disconnection\fatal disconnection\release\moc_cmainform.obj
c:\users\user\documents\visual studio 2013\projects\fatal disconnection\fatal disconnection\release\cpackets.obj
c:\users\user\documents\visual studio 2013\projects\fatal disconnection\fatal disconnection\release\cmainform.obj
c:\users\user\documents\visual studio 2013\projects\fatal disconnection\fatal disconnection\release\cfunctionmanager.obj
c:\users\user\documents\visual studio 2013\projects\fatal disconnection\fatal disconnection\generatedfiles\release\moc_cmainform.cpp
c:\users\user\documents\visual studio 2013\projects\fatal disconnection\fatal disconnection\generatedfiles\qrc_fataldisconnection.cpp
c:\users\user\documents\visual studio 2013\projects\fatal disconnection\fatal disconnection\generatedfiles\ui_cmainform.h
c:\users\user\documents\visual studio 2013\projects\fatal disconnection\win32\release\fatal disconnection.dll
c:\users\user\documents\visual studio 2013\projects\fatal disconnection\fatal disconnection\release\fatal disconnection.dll.intermediate.manifest
c:\users\user\documents\visual studio 2013\projects\fatal disconnection\fatal disconnection\release\cl.command.1.tlog
c:\users\user\documents\visual studio 2013\projects\fatal disconnection\fatal disconnection\release\cl.read.1.tlog
c:\users\user\documents\visual studio 2013\projects\fatal disconnection\fatal disconnection\release\cl.write.1.tlog
c:\users\user\documents\visual studio 2013\projects\fatal disconnection\fatal disconnection\release\custombuild.command.1.tlog
c:\users\user\documents\visual studio 2013\projects\fatal disconnection\fatal disconnection\release\custombuild.read.1.tlog
c:\users\user\documents\visual studio 2013\projects\fatal disconnection\fatal disconnection\release\custombuild.write.1.tlog
c:\users\user\documents\visual studio 2013\projects\fatal disconnection\fatal disconnection\release\link.command.1.tlog
c:\users\user\documents\visual studio 2013\projects\fatal disconnection\fatal disconnection\release\link.read.1.tlog
c:\users\user\documents\visual studio 2013\projects\fatal disconnection\fatal disconnection\release\link.write.1.tlog
c:\users\user\documents\visual studio 2013\projects\fatal disconnection\fatal disconnection\release\mt.command.1.tlog
c:\users\user\documents\visual studio 2013\projects\fatal disconnection\fatal disconnection\release\mt.read.1.tlog
c:\users\user\documents\visual studio 2013\projects\fatal disconnection\fatal disconnection\release\mt.write.1.tlog
